#
# There is insufficient memory for the Java Runtime Environment to continue.
# Native memory allocation (mmap) failed to map 536870912 bytes for G1 virtual space
# Possible reasons:
#   The system is out of physical RAM or swap space
#   The process is running with CompressedOops enabled, and the Java Heap may be blocking the growth of the native heap
# Possible solutions:
#   Reduce memory load on the system
#   Increase physical memory or swap space
#   Check if swap backing store is full
#   Decrease Java heap size (-Xmx/-Xms)
#   Decrease number of Java threads
#   Decrease Java thread stack sizes (-Xss)
#   Set larger code cache with -XX:ReservedCodeCacheSize=
#   JVM is running with Zero Based Compressed Oops mode in which the Java heap is
#     placed in the first 32GB address space. The Java Heap base address is the
#     maximum limit for the native heap growth. Please use -XX:HeapBaseMinAddress
#     to set the Java Heap base and to place the Java Heap above 32GB virtual address.
# This output file may be truncated or incomplete.
#
#  Out of Memory Error (os_windows.cpp:3550), pid=12536, tid=20252
#
# JRE version:  (17.0.7+8) (build )
# Java VM: Java HotSpot(TM) 64-Bit Server VM (17.0.7+8-LTS-224, mixed mode, sharing, tiered, compressed oops, compressed class ptrs, g1 gc, windows-amd64)
# No core dump will be written. Minidumps are not enabled by default on client versions of Windows
#

---------------  S U M M A R Y ------------

Command Line: -javaagent:C:\Program Files\JetBrains\IntelliJ IDEA 2023.1.3\lib\idea_rt.jar=5748:C:\Program Files\JetBrains\IntelliJ IDEA 2023.1.3\bin -Dfile.encoding=UTF-8 org.test.BrandNewFile2Hevc

Host: AMD Ryzen 5 5500                               , 12 cores, 31G,  Windows 11 , 64 bit Build 22621 (10.0.22621.2428)
Time: Sat Nov  4 20:49:12 2023 China Standard Time elapsed time: 0.011459 seconds (0d 0h 0m 0s)

---------------  T H R E A D  ---------------

Current thread (0x0000026687c31df0):  JavaThread "Unknown thread" [_thread_in_vm, id=20252, stack(0x000000d851a00000,0x000000d851b00000)]

Stack: [0x000000d851a00000,0x000000d851b00000]
Native frames: (J=compiled Java code, j=interpreted, Vv=VM code, C=native code)
V  [jvm.dll+0x676a4a]
V  [jvm.dll+0x7d74f4]
V  [jvm.dll+0x7d8c9e]
V  [jvm.dll+0x7d9303]
V  [jvm.dll+0x2452c5]
V  [jvm.dll+0x6738f9]
V  [jvm.dll+0x668232]
V  [jvm.dll+0x302826]
V  [jvm.dll+0x309da6]
V  [jvm.dll+0x35952e]
V  [jvm.dll+0x35975f]
V  [jvm.dll+0x2d9a38]
V  [jvm.dll+0x2da9a4]
V  [jvm.dll+0x7a8fb1]
V  [jvm.dll+0x3670e1]
V  [jvm.dll+0x788359]
V  [jvm.dll+0x3ea5ef]
V  [jvm.dll+0x3ec071]
C  [jli.dll+0x5297]
C  [ucrtbase.dll+0x29363]
C  [KERNEL32.DLL+0x1257d]
C  [ntdll.dll+0x5aa78]


---------------  P R O C E S S  ---------------

Threads class SMR info:
_java_thread_list=0x00007ffc2b9b4998, length=0, elements={
}

Java Threads: ( => current thread )

Other Threads:
  0x0000026687c9d9e0 GCTaskThread "GC Thread#0" [stack: 0x000000d851b00000,0x000000d851c00000] [id=8176]
  0x0000026687cae770 ConcurrentGCThread "G1 Main Marker" [stack: 0x000000d851c00000,0x000000d851d00000] [id=20552]
  0x0000026687caf180 ConcurrentGCThread "G1 Conc#0" [stack: 0x000000d851d00000,0x000000d851e00000] [id=17312]

[error occurred during error reporting (printing all threads), id 0xc0000005, EXCEPTION_ACCESS_VIOLATION (0xc0000005) at pc=0x00007ffc2b1ea697]

VM state: not at safepoint (not fully initialized)

VM Mutex/Monitor currently owned by a thread:  ([mutex/lock_event])
[0x0000026687c2e8a0] Heap_lock - owner thread: 0x0000026687c31df0

Heap address: 0x0000000601800000, size: 8168 MB, Compressed Oops mode: Zero based, Oop shift amount: 3

CDS archive(s) mapped at: [0x0000000000000000-0x0000000000000000-0x0000000000000000), size 0, SharedBaseAddress: 0x0000000800000000, ArchiveRelocationMode: 0.
Narrow klass base: 0x0000000000000000, Narrow klass shift: 0, Narrow klass range: 0x0

GC Precious Log:
<Empty>

Heap:
 garbage-first heap   total 0K, used 0K [0x0000000601800000, 0x0000000800000000)
  region size 4096K, 0 young (0K), 0 survivors (0K)

[error occurred during error reporting (printing heap information), id 0xc0000005, EXCEPTION_ACCESS_VIOLATION (0xc0000005) at pc=0x00007ffc2b5d00b9]

GC Heap History (0 events):
No events

Deoptimization events (0 events):
No events

Classes unloaded (0 events):
No events

Classes redefined (0 events):
No events

Internal exceptions (0 events):
No events

VM Operations (0 events):
No events

Events (1 events):
Event: 0.008 Loaded shared library C:\Program Files\Java\jdk-17\bin\java.dll


Dynamic libraries:
0x00007ff6a05a0000 - 0x00007ff6a05b0000 	C:\Program Files\Java\jdk-17\bin\java.exe
0x00007ffc97df0000 - 0x00007ffc98007000 	C:\Windows\SYSTEM32\ntdll.dll
0x00007ffc96aa0000 - 0x00007ffc96b64000 	C:\Windows\System32\KERNEL32.DLL
0x00007ffc95450000 - 0x00007ffc957f6000 	C:\Windows\System32\KERNELBASE.dll
0x00007ffc95280000 - 0x00007ffc95391000 	C:\Windows\System32\ucrtbase.dll
0x00007ffc716e0000 - 0x00007ffc716fb000 	C:\Program Files\Java\jdk-17\bin\VCRUNTIME140.dll
0x00007ffc71280000 - 0x00007ffc71299000 	C:\Program Files\Java\jdk-17\bin\jli.dll
0x00007ffc97c50000 - 0x00007ffc97d00000 	C:\Windows\System32\ADVAPI32.dll
0x00007ffc979b0000 - 0x00007ffc97a57000 	C:\Windows\System32\msvcrt.dll
0x00007ffc97d00000 - 0x00007ffc97da6000 	C:\Windows\System32\sechost.dll
0x00007ffc97510000 - 0x00007ffc97627000 	C:\Windows\System32\RPCRT4.dll
0x00007ffc96400000 - 0x00007ffc965ad000 	C:\Windows\System32\USER32.dll
0x00007ffc94340000 - 0x00007ffc945d3000 	C:\Windows\WinSxS\amd64_microsoft.windows.common-controls_6595b64144ccf1df_6.0.22621.2361_none_2712ced57382f843\COMCTL32.dll
0x00007ffc953a0000 - 0x00007ffc953c6000 	C:\Windows\System32\win32u.dll
0x00007ffc95cb0000 - 0x00007ffc95cd9000 	C:\Windows\System32\GDI32.dll
0x00007ffc958c0000 - 0x00007ffc959d8000 	C:\Windows\System32\gdi32full.dll
0x00007ffc95170000 - 0x00007ffc9520a000 	C:\Windows\System32\msvcp_win.dll
0x00007ffc8dbc0000 - 0x00007ffc8dbca000 	C:\Windows\SYSTEM32\VERSION.dll
0x00007ffc97790000 - 0x00007ffc977c1000 	C:\Windows\System32\IMM32.DLL
0x00007ffc716d0000 - 0x00007ffc716dc000 	C:\Program Files\Java\jdk-17\bin\vcruntime140_1.dll
0x00007ffc3ff10000 - 0x00007ffc3ff9e000 	C:\Program Files\Java\jdk-17\bin\msvcp140.dll
0x00007ffc2af00000 - 0x00007ffc2badd000 	C:\Program Files\Java\jdk-17\bin\server\jvm.dll
0x00007ffc97bd0000 - 0x00007ffc97bd8000 	C:\Windows\System32\PSAPI.DLL
0x00007ffc89820000 - 0x00007ffc89854000 	C:\Windows\SYSTEM32\WINMM.dll
0x00007ffc85580000 - 0x00007ffc85589000 	C:\Windows\SYSTEM32\WSOCK32.dll
0x00007ffc96b70000 - 0x00007ffc96be1000 	C:\Windows\System32\WS2_32.dll
0x00007ffc939a0000 - 0x00007ffc939b8000 	C:\Windows\SYSTEM32\kernel.appcore.dll
0x00007ffc71270000 - 0x00007ffc7127a000 	C:\Program Files\Java\jdk-17\bin\jimage.dll
0x00007ffc94af0000 - 0x00007ffc94d1e000 	C:\Windows\SYSTEM32\DBGHELP.DLL
0x00007ffc965e0000 - 0x00007ffc9696a000 	C:\Windows\System32\combase.dll
0x00007ffc97af0000 - 0x00007ffc97bc7000 	C:\Windows\System32\OLEAUT32.dll
0x00007ffc94940000 - 0x00007ffc94972000 	C:\Windows\SYSTEM32\dbgcore.DLL
0x00007ffc953d0000 - 0x00007ffc9544a000 	C:\Windows\System32\bcryptPrimitives.dll
0x00007ffc6de00000 - 0x00007ffc6de0e000 	C:\Program Files\Java\jdk-17\bin\instrument.dll
0x00007ffc61520000 - 0x00007ffc61545000 	C:\Program Files\Java\jdk-17\bin\java.dll

dbghelp: loaded successfully - version: 4.0.5 - missing functions: none
symbol engine: initialized successfully - sym options: 0x614 - pdb path: .;C:\Program Files\Java\jdk-17\bin;C:\Windows\SYSTEM32;C:\Windows\WinSxS\amd64_microsoft.windows.common-controls_6595b64144ccf1df_6.0.22621.2361_none_2712ced57382f843;C:\Program Files\Java\jdk-17\bin\server

VM Arguments:
jvm_args: -javaagent:C:\Program Files\JetBrains\IntelliJ IDEA 2023.1.3\lib\idea_rt.jar=5748:C:\Program Files\JetBrains\IntelliJ IDEA 2023.1.3\bin -Dfile.encoding=UTF-8 
java_command: org.test.BrandNewFile2Hevc
java_class_path (initial): E:\java code\SwaggerDemo\target\test-classes;E:\java code\SwaggerDemo\target\classes;C:\Users\tomed\.m2\repository\io\springfox\springfox-swagger2\2.9.2\springfox-swagger2-2.9.2.jar;C:\Users\tomed\.m2\repository\io\swagger\swagger-annotations\1.5.20\swagger-annotations-1.5.20.jar;C:\Users\tomed\.m2\repository\io\swagger\swagger-models\1.5.20\swagger-models-1.5.20.jar;C:\Users\tomed\.m2\repository\com\fasterxml\jackson\core\jackson-annotations\2.13.3\jackson-annotations-2.13.3.jar;C:\Users\tomed\.m2\repository\io\springfox\springfox-spi\2.9.2\springfox-spi-2.9.2.jar;C:\Users\tomed\.m2\repository\io\springfox\springfox-core\2.9.2\springfox-core-2.9.2.jar;C:\Users\tomed\.m2\repository\net\bytebuddy\byte-buddy\1.12.13\byte-buddy-1.12.13.jar;C:\Users\tomed\.m2\repository\io\springfox\springfox-schema\2.9.2\springfox-schema-2.9.2.jar;C:\Users\tomed\.m2\repository\io\springfox\springfox-swagger-common\2.9.2\springfox-swagger-common-2.9.2.jar;C:\Users\tomed\.m2\repository\io\springfox\springfox-spring-web\2.9.2\springfox-spring-web-2.9.2.jar;C:\Users\tomed\.m2\repository\com\google\guava\guava\20.0\guava-20.0.jar;C:\Users\tomed\.m2\repository\com\fasterxml\classmate\1.5.1\classmate-1.5.1.jar;C:\Users\tomed\.m2\repository\org\slf4j\slf4j-api\1.7.36\slf4j-api-1.7.36.jar;C:\Users\tomed\.m2\repository\org\springframework\plugin\spring-plugin-core\1.2.0.RELEASE\spring-plugin-core-1.2.0.RELEASE.jar;C:\Users\tomed\.m2\repository\org\springframework\spring-beans\5.3.22\spring-beans-5.3.22.jar;C:\Users\tomed\.m2\repository\org\springframework\spring-context\5.3.22\spring-context-5.3.22.jar;C:\Users\tomed\.m2\repository\org\springframework\spring-aop\5.3.22\spring-aop-5.3.22.jar;C:\Users\tomed\.m2\repository\org\springframework\plugin\spring-plugin-metadata\1.2.0.RELEASE\spring-plugin-metadata-1.2.0.RELEASE.jar;C:\Users\tomed\.m2\repository\org\mapstruct\mapstruct\1.2.0.Final\mapstruct-1.2.0.Final.jar;C:\Users\tomed\.m2\repository\io\springfox\springfox-s
Launcher Type: SUN_STANDARD

[Global flags]
     intx CICompilerCount                          = 4                                         {product} {ergonomic}
     uint ConcGCThreads                            = 3                                         {product} {ergonomic}
     uint G1ConcRefinementThreads                  = 10                                        {product} {ergonomic}
   size_t G1HeapRegionSize                         = 4194304                                   {product} {ergonomic}
    uintx GCDrainStackTargetSize                   = 64                                        {product} {ergonomic}
   size_t InitialHeapSize                          = 536870912                                 {product} {ergonomic}
   size_t MarkStackSize                            = 4194304                                   {product} {ergonomic}
   size_t MaxHeapSize                              = 8564768768                                {product} {ergonomic}
   size_t MinHeapDeltaBytes                        = 4194304                                   {product} {ergonomic}
   size_t MinHeapSize                              = 8388608                                   {product} {ergonomic}
    uintx NonNMethodCodeHeapSize                   = 5839372                                {pd product} {ergonomic}
    uintx NonProfiledCodeHeapSize                  = 122909434                              {pd product} {ergonomic}
    uintx ProfiledCodeHeapSize                     = 122909434                              {pd product} {ergonomic}
    uintx ReservedCodeCacheSize                    = 251658240                              {pd product} {ergonomic}
     bool SegmentedCodeCache                       = true                                      {product} {ergonomic}
   size_t SoftMaxHeapSize                          = 8564768768                             {manageable} {ergonomic}
     bool UseCompressedClassPointers               = true                           {product lp64_product} {ergonomic}
     bool UseCompressedOops                        = true                           {product lp64_product} {ergonomic}
     bool UseG1GC                                  = true                                      {product} {ergonomic}
     bool UseLargePagesIndividualAllocation        = false                                  {pd product} {ergonomic}

Logging:
Log output configuration:
 #0: stdout all=warning uptime,level,tags
 #1: stderr all=off uptime,level,tags

Environment Variables:
JAVA_HOME=C:\Program Files\Java\jdk-17
PATH=C:\Program Files\Common Files\Oracle\Java\javapath;C:\Windows\system32;C:\Windows;C:\Windows\System32\Wbem;C:\Windows\System32\WindowsPowerShell\v1.0\;C:\Windows\System32\OpenSSH\;C:\Program Files (x86)\NVIDIA Corporation\PhysX\Common;C:\Program Files\NVIDIA Corporation\NVIDIA NvDLISR;C:\Program Files\Bandizip\;C:\Program Files\dotnet\;C:\Program Files\Java\jdk-17\bin;C:\Program Files (x86)\apache-maven-3.9.2\bin;C:\Users\tomed\Documents\ffmpeg-master-latest-win64-gpl\bin;C:\Users\tomed\AppData\Local\Microsoft\WindowsApps;
USERNAME=tomed
OS=Windows_NT
PROCESSOR_IDENTIFIER=AMD64 Family 25 Model 80 Stepping 0, AuthenticAMD



---------------  S Y S T E M  ---------------

OS:
 Windows 11 , 64 bit Build 22621 (10.0.22621.2428)
OS uptime: 3 days 1:47 hours

CPU: total 12 (initial active 12) (12 cores per cpu, 2 threads per core) family 25 model 80 stepping 0 microcode 0x0, cx8, cmov, fxsr, ht, mmx, 3dnowpref, sse, sse2, sse3, ssse3, sse4a, sse4.1, sse4.2, popcnt, lzcnt, tsc, tscinvbit, avx, avx2, aes, erms, clmul, bmi1, bmi2, adx, sha, fma, vzeroupper, clflush, clflushopt

Memory: 4k page, system-wide physical 32659M (13764M free)
TotalPageFile size 130841M (AvailPageFile size 301M)
current process WorkingSet (physical memory assigned to process): 11M, peak: 11M
current process commit charge ("private bytes"): 64M, peak: 576M

vm_info: Java HotSpot(TM) 64-Bit Server VM (17.0.7+8-LTS-224) for windows-amd64 JRE (17.0.7+8-LTS-224), built on Feb 28 2023 23:03:02 by "mach5one" with MS VC++ 17.1 (VS2022)

END.
